I, [2017-06-22T10:59:40.594302 #5204]  INFO -- default-ubuntu-1604: -----> Converging <default-ubuntu-1604>...
I, [2017-06-22T10:59:40.595282 #5204]  INFO -- default-ubuntu-1604: Preparing files for transfer
I, [2017-06-22T10:59:40.596263 #5204]  INFO -- default-ubuntu-1604: Preparing dna.json
I, [2017-06-22T10:59:40.598224 #5204]  INFO -- default-ubuntu-1604: Resolving cookbook dependencies with Berkshelf 4.3.5...
I, [2017-06-22T10:59:40.827908 #5204]  INFO -- default-ubuntu-1604: Removing non-cookbook files before transfer
I, [2017-06-22T10:59:40.838662 #5204]  INFO -- default-ubuntu-1604: Preparing validation.pem
I, [2017-06-22T10:59:40.839655 #5204]  INFO -- default-ubuntu-1604: Preparing client.rb
I, [2017-06-22T10:59:40.998963 #5204]  INFO -- default-ubuntu-1604: -----> Chef Omnibus installation detected (install only if missing)
I, [2017-06-22T10:59:41.022672 #5204]  INFO -- default-ubuntu-1604: Transferring files to <default-ubuntu-1604>
I, [2017-06-22T10:59:42.436517 #5204]  INFO -- default-ubuntu-1604: Starting Chef Client, version 13.1.31
I, [2017-06-22T10:59:43.748153 #5204]  INFO -- default-ubuntu-1604: resolving cookbooks for run list: ["httpd::default"]
I, [2017-06-22T10:59:43.759884 #5204]  INFO -- default-ubuntu-1604: Synchronizing Cookbooks:
I, [2017-06-22T10:59:43.760861 #5204]  INFO -- default-ubuntu-1604:   - httpd (0.1.0)
I, [2017-06-22T10:59:43.761840 #5204]  INFO -- default-ubuntu-1604: Installing Cookbook Gems:
I, [2017-06-22T10:59:43.763795 #5204]  INFO -- default-ubuntu-1604: Compiling Cookbooks...
I, [2017-06-22T10:59:43.765762 #5204]  INFO -- default-ubuntu-1604: Converging 3 resources
I, [2017-06-22T10:59:43.768684 #5204]  INFO -- default-ubuntu-1604: Recipe: httpd::default
I, [2017-06-22T10:59:44.201469 #5204]  INFO -- default-ubuntu-1604:   * apt_package[httpd] action install
I, [2017-06-22T10:59:44.202446 #5204]  INFO -- default-ubuntu-1604:     
I, [2017-06-22T10:59:44.203424 #5204]  INFO -- default-ubuntu-1604:     ================================================================================
I, [2017-06-22T10:59:44.206359 #5204]  INFO -- default-ubuntu-1604:     Error executing action `install` on resource 'apt_package[httpd]'
I, [2017-06-22T10:59:44.208312 #5204]  INFO -- default-ubuntu-1604:     ================================================================================
I, [2017-06-22T10:59:44.210267 #5204]  INFO -- default-ubuntu-1604:     
I, [2017-06-22T10:59:44.212222 #5204]  INFO -- default-ubuntu-1604:     Chef::Exceptions::Package
I, [2017-06-22T10:59:44.215155 #5204]  INFO -- default-ubuntu-1604:     -------------------------
I, [2017-06-22T10:59:44.217110 #5204]  INFO -- default-ubuntu-1604:     httpd is a virtual package provided by multiple packages, you must explicitly select one
I, [2017-06-22T10:59:44.219065 #5204]  INFO -- default-ubuntu-1604:     
I, [2017-06-22T10:59:44.221020 #5204]  INFO -- default-ubuntu-1604:     Resource Declaration:
I, [2017-06-22T10:59:44.223954 #5204]  INFO -- default-ubuntu-1604:     ---------------------
I, [2017-06-22T10:59:44.226888 #5204]  INFO -- default-ubuntu-1604:     # In /tmp/kitchen/cache/cookbooks/httpd/recipes/default.rb
I, [2017-06-22T10:59:44.230797 #5204]  INFO -- default-ubuntu-1604:     
I, [2017-06-22T10:59:44.231776 #5204]  INFO -- default-ubuntu-1604:       7: package 'httpd'
I, [2017-06-22T10:59:44.233732 #5204]  INFO -- default-ubuntu-1604:       8: 
I, [2017-06-22T10:59:44.236664 #5204]  INFO -- default-ubuntu-1604:     
I, [2017-06-22T10:59:44.237642 #5204]  INFO -- default-ubuntu-1604:     Compiled Resource:
I, [2017-06-22T10:59:44.240573 #5204]  INFO -- default-ubuntu-1604:     ------------------
I, [2017-06-22T10:59:44.242528 #5204]  INFO -- default-ubuntu-1604:     # Declared in /tmp/kitchen/cache/cookbooks/httpd/recipes/default.rb:7:in `from_file'
I, [2017-06-22T10:59:44.245465 #5204]  INFO -- default-ubuntu-1604:     
I, [2017-06-22T10:59:44.247416 #5204]  INFO -- default-ubuntu-1604:     apt_package("httpd") do
I, [2017-06-22T10:59:44.249375 #5204]  INFO -- default-ubuntu-1604:       package_name "httpd"
I, [2017-06-22T10:59:44.251327 #5204]  INFO -- default-ubuntu-1604:       action [:install]
I, [2017-06-22T10:59:44.254261 #5204]  INFO -- default-ubuntu-1604:       default_guard_interpreter :default
I, [2017-06-22T10:59:44.256217 #5204]  INFO -- default-ubuntu-1604:       declared_type :package
I, [2017-06-22T10:59:44.258170 #5204]  INFO -- default-ubuntu-1604:       cookbook_name "httpd"
I, [2017-06-22T10:59:44.260125 #5204]  INFO -- default-ubuntu-1604:       recipe_name "default"
I, [2017-06-22T10:59:44.263058 #5204]  INFO -- default-ubuntu-1604:     end
I, [2017-06-22T10:59:44.265013 #5204]  INFO -- default-ubuntu-1604:     
I, [2017-06-22T10:59:44.266969 #5204]  INFO -- default-ubuntu-1604:     System Info:
I, [2017-06-22T10:59:44.268924 #5204]  INFO -- default-ubuntu-1604:     ------------
I, [2017-06-22T10:59:44.271857 #5204]  INFO -- default-ubuntu-1604:     chef_version=13.1.31
I, [2017-06-22T10:59:44.273820 #5204]  INFO -- default-ubuntu-1604:     platform=ubuntu
I, [2017-06-22T10:59:44.275775 #5204]  INFO -- default-ubuntu-1604:     platform_version=16.04
I, [2017-06-22T10:59:44.277730 #5204]  INFO -- default-ubuntu-1604:     ruby=ruby 2.4.1p111 (2017-03-22 revision 58053) [x86_64-linux]
I, [2017-06-22T10:59:44.280663 #5204]  INFO -- default-ubuntu-1604:     program_name=chef-client worker: ppid=1984;start=08:59:41;
I, [2017-06-22T10:59:44.281641 #5204]  INFO -- default-ubuntu-1604:     executable=/opt/chef/bin/chef-client
I, [2017-06-22T10:59:44.284573 #5204]  INFO -- default-ubuntu-1604:     
I, [2017-06-22T10:59:44.286528 #5204]  INFO -- default-ubuntu-1604: 
I, [2017-06-22T10:59:44.288484 #5204]  INFO -- default-ubuntu-1604: Running handlers:
I, [2017-06-22T10:59:44.290439 #5204]  INFO -- default-ubuntu-1604: [2017-06-22T08:59:42+00:00] ERROR: Running exception handlers
I, [2017-06-22T10:59:44.293371 #5204]  INFO -- default-ubuntu-1604: [2017-06-22T08:59:42+00:00] ERROR: Running exception handlers
I, [2017-06-22T10:59:44.295327 #5204]  INFO -- default-ubuntu-1604: Running handlers complete
I, [2017-06-22T10:59:44.297285 #5204]  INFO -- default-ubuntu-1604: [2017-06-22T08:59:42+00:00] ERROR: Exception handlers complete
I, [2017-06-22T10:59:44.300216 #5204]  INFO -- default-ubuntu-1604: [2017-06-22T08:59:42+00:00] ERROR: Exception handlers complete
I, [2017-06-22T10:59:44.302170 #5204]  INFO -- default-ubuntu-1604: Chef Client failed. 0 resources updated in 01 seconds
I, [2017-06-22T10:59:44.304126 #5204]  INFO -- default-ubuntu-1604: [2017-06-22T08:59:42+00:00] FATAL: Stacktrace dumped to /tmp/kitchen/cache/chef-stacktrace.out
I, [2017-06-22T10:59:44.306080 #5204]  INFO -- default-ubuntu-1604: [2017-06-22T08:59:42+00:00] FATAL: Stacktrace dumped to /tmp/kitchen/cache/chef-stacktrace.out
I, [2017-06-22T10:59:44.308399 #5204]  INFO -- default-ubuntu-1604: [2017-06-22T08:59:42+00:00] FATAL: Please provide the contents of the stacktrace.out file if you file a bug report
I, [2017-06-22T10:59:44.312705 #5204]  INFO -- default-ubuntu-1604: [2017-06-22T08:59:42+00:00] FATAL: Please provide the contents of the stacktrace.out file if you file a bug report
I, [2017-06-22T10:59:44.317587 #5204]  INFO -- default-ubuntu-1604: [2017-06-22T08:59:42+00:00] ERROR: apt_package[httpd] (httpd::default line 7) had an error: Chef::Exceptions::Package: httpd is a virtual package provided by multiple packages, you must explicitly select one
I, [2017-06-22T10:59:44.321684 #5204]  INFO -- default-ubuntu-1604: [2017-06-22T08:59:42+00:00] ERROR: apt_package[httpd] (httpd::default line 7) had an error: Chef::Exceptions::Package: httpd is a virtual package provided by multiple packages, you must explicitly select one
I, [2017-06-22T10:59:44.326573 #5204]  INFO -- default-ubuntu-1604: [2017-06-22T08:59:42+00:00] FATAL: Chef::Exceptions::ChildConvergeError: Chef run process exited unsuccessfully (exit code 1)
I, [2017-06-22T10:59:44.327550 #5204]  INFO -- default-ubuntu-1604: [2017-06-22T08:59:42+00:00] FATAL: Chef::Exceptions::ChildConvergeError: Chef run process exited unsuccessfully (exit code 1)
E, [2017-06-22T10:59:44.340665 #5204] ERROR -- default-ubuntu-1604: Converge failed on instance <default-ubuntu-1604>.
E, [2017-06-22T10:59:44.340665 #5204] ERROR -- default-ubuntu-1604: ------Exception-------
E, [2017-06-22T10:59:44.340665 #5204] ERROR -- default-ubuntu-1604: Class: Kitchen::ActionFailed
E, [2017-06-22T10:59:44.340665 #5204] ERROR -- default-ubuntu-1604: Message: SSH exited (1) for command: [sh -c '
TEST_KITCHEN="1"; export TEST_KITCHEN
sudo -E /opt/chef/bin/chef-client --local-mode --config /tmp/kitchen/client.rb --log_level auto --force-formatter --no-color --json-attributes /tmp/kitchen/dna.json --chef-zero-port 8889 
']
E, [2017-06-22T10:59:44.340665 #5204] ERROR -- default-ubuntu-1604: ----------------------
E, [2017-06-22T10:59:44.340665 #5204] ERROR -- default-ubuntu-1604: ------Backtrace-------
E, [2017-06-22T10:59:44.340665 #5204] ERROR -- default-ubuntu-1604: C:/opscode/chefdk/embedded/lib/ruby/gems/2.1.0/gems/test-kitchen-1.11.1/lib/kitchen/provisioner/base.rb:86:in `rescue in call'
E, [2017-06-22T10:59:44.340665 #5204] ERROR -- default-ubuntu-1604: C:/opscode/chefdk/embedded/lib/ruby/gems/2.1.0/gems/test-kitchen-1.11.1/lib/kitchen/provisioner/base.rb:89:in `call'
E, [2017-06-22T10:59:44.341641 #5204] ERROR -- default-ubuntu-1604: C:/opscode/chefdk/embedded/lib/ruby/gems/2.1.0/gems/test-kitchen-1.11.1/lib/kitchen/instance.rb:373:in `block in converge_action'
E, [2017-06-22T10:59:44.341641 #5204] ERROR -- default-ubuntu-1604: C:/opscode/chefdk/embedded/lib/ruby/gems/2.1.0/gems/test-kitchen-1.11.1/lib/kitchen/instance.rb:513:in `call'
E, [2017-06-22T10:59:44.341641 #5204] ERROR -- default-ubuntu-1604: C:/opscode/chefdk/embedded/lib/ruby/gems/2.1.0/gems/test-kitchen-1.11.1/lib/kitchen/instance.rb:513:in `synchronize_or_call'
E, [2017-06-22T10:59:44.341641 #5204] ERROR -- default-ubuntu-1604: C:/opscode/chefdk/embedded/lib/ruby/gems/2.1.0/gems/test-kitchen-1.11.1/lib/kitchen/instance.rb:478:in `block in action'
E, [2017-06-22T10:59:44.341641 #5204] ERROR -- default-ubuntu-1604: C:/opscode/chefdk/embedded/lib/ruby/2.1.0/benchmark.rb:279:in `measure'
E, [2017-06-22T10:59:44.341641 #5204] ERROR -- default-ubuntu-1604: C:/opscode/chefdk/embedded/lib/ruby/gems/2.1.0/gems/test-kitchen-1.11.1/lib/kitchen/instance.rb:477:in `action'
E, [2017-06-22T10:59:44.341641 #5204] ERROR -- default-ubuntu-1604: C:/opscode/chefdk/embedded/lib/ruby/gems/2.1.0/gems/test-kitchen-1.11.1/lib/kitchen/instance.rb:369:in `converge_action'
E, [2017-06-22T10:59:44.341641 #5204] ERROR -- default-ubuntu-1604: C:/opscode/chefdk/embedded/lib/ruby/gems/2.1.0/gems/test-kitchen-1.11.1/lib/kitchen/instance.rb:348:in `block in transition_to'
E, [2017-06-22T10:59:44.341641 #5204] ERROR -- default-ubuntu-1604: C:/opscode/chefdk/embedded/lib/ruby/gems/2.1.0/gems/test-kitchen-1.11.1/lib/kitchen/instance.rb:347:in `each'
E, [2017-06-22T10:59:44.341641 #5204] ERROR -- default-ubuntu-1604: C:/opscode/chefdk/embedded/lib/ruby/gems/2.1.0/gems/test-kitchen-1.11.1/lib/kitchen/instance.rb:347:in `transition_to'
E, [2017-06-22T10:59:44.341641 #5204] ERROR -- default-ubuntu-1604: C:/opscode/chefdk/embedded/lib/ruby/gems/2.1.0/gems/test-kitchen-1.11.1/lib/kitchen/instance.rb:138:in `converge'
E, [2017-06-22T10:59:44.341641 #5204] ERROR -- default-ubuntu-1604: C:/opscode/chefdk/embedded/lib/ruby/gems/2.1.0/gems/test-kitchen-1.11.1/lib/kitchen/command.rb:201:in `public_send'
E, [2017-06-22T10:59:44.341641 #5204] ERROR -- default-ubuntu-1604: C:/opscode/chefdk/embedded/lib/ruby/gems/2.1.0/gems/test-kitchen-1.11.1/lib/kitchen/command.rb:201:in `run_action_in_thread'
E, [2017-06-22T10:59:44.341641 #5204] ERROR -- default-ubuntu-1604: C:/opscode/chefdk/embedded/lib/ruby/gems/2.1.0/gems/test-kitchen-1.11.1/lib/kitchen/command.rb:173:in `block (2 levels) in run_action'
E, [2017-06-22T10:59:44.341641 #5204] ERROR -- default-ubuntu-1604: ----End Backtrace-----
E, [2017-06-22T10:59:44.341641 #5204] ERROR -- default-ubuntu-1604: ---Nested Exception---
E, [2017-06-22T10:59:44.341641 #5204] ERROR -- default-ubuntu-1604: Class: Kitchen::Transport::SshFailed
E, [2017-06-22T10:59:44.341641 #5204] ERROR -- default-ubuntu-1604: Message: SSH exited (1) for command: [sh -c '
TEST_KITCHEN="1"; export TEST_KITCHEN
sudo -E /opt/chef/bin/chef-client --local-mode --config /tmp/kitchen/client.rb --log_level auto --force-formatter --no-color --json-attributes /tmp/kitchen/dna.json --chef-zero-port 8889 
']
E, [2017-06-22T10:59:44.341641 #5204] ERROR -- default-ubuntu-1604: ----------------------
E, [2017-06-22T10:59:44.341641 #5204] ERROR -- default-ubuntu-1604: ------Backtrace-------
E, [2017-06-22T10:59:44.341641 #5204] ERROR -- default-ubuntu-1604: C:/opscode/chefdk/embedded/lib/ruby/gems/2.1.0/gems/test-kitchen-1.11.1/lib/kitchen/provisioner/base.rb:86:in `rescue in call'
E, [2017-06-22T10:59:44.341641 #5204] ERROR -- default-ubuntu-1604: C:/opscode/chefdk/embedded/lib/ruby/gems/2.1.0/gems/test-kitchen-1.11.1/lib/kitchen/provisioner/base.rb:89:in `call'
E, [2017-06-22T10:59:44.341641 #5204] ERROR -- default-ubuntu-1604: C:/opscode/chefdk/embedded/lib/ruby/gems/2.1.0/gems/test-kitchen-1.11.1/lib/kitchen/instance.rb:373:in `block in converge_action'
E, [2017-06-22T10:59:44.341641 #5204] ERROR -- default-ubuntu-1604: C:/opscode/chefdk/embedded/lib/ruby/gems/2.1.0/gems/test-kitchen-1.11.1/lib/kitchen/instance.rb:513:in `call'
E, [2017-06-22T10:59:44.341641 #5204] ERROR -- default-ubuntu-1604: C:/opscode/chefdk/embedded/lib/ruby/gems/2.1.0/gems/test-kitchen-1.11.1/lib/kitchen/instance.rb:513:in `synchronize_or_call'
E, [2017-06-22T10:59:44.341641 #5204] ERROR -- default-ubuntu-1604: C:/opscode/chefdk/embedded/lib/ruby/gems/2.1.0/gems/test-kitchen-1.11.1/lib/kitchen/instance.rb:478:in `block in action'
E, [2017-06-22T10:59:44.341641 #5204] ERROR -- default-ubuntu-1604: C:/opscode/chefdk/embedded/lib/ruby/2.1.0/benchmark.rb:279:in `measure'
E, [2017-06-22T10:59:44.342619 #5204] ERROR -- default-ubuntu-1604: C:/opscode/chefdk/embedded/lib/ruby/gems/2.1.0/gems/test-kitchen-1.11.1/lib/kitchen/instance.rb:477:in `action'
E, [2017-06-22T10:59:44.342619 #5204] ERROR -- default-ubuntu-1604: C:/opscode/chefdk/embedded/lib/ruby/gems/2.1.0/gems/test-kitchen-1.11.1/lib/kitchen/instance.rb:369:in `converge_action'
E, [2017-06-22T10:59:44.342619 #5204] ERROR -- default-ubuntu-1604: C:/opscode/chefdk/embedded/lib/ruby/gems/2.1.0/gems/test-kitchen-1.11.1/lib/kitchen/instance.rb:348:in `block in transition_to'
E, [2017-06-22T10:59:44.342619 #5204] ERROR -- default-ubuntu-1604: C:/opscode/chefdk/embedded/lib/ruby/gems/2.1.0/gems/test-kitchen-1.11.1/lib/kitchen/instance.rb:347:in `each'
E, [2017-06-22T10:59:44.342619 #5204] ERROR -- default-ubuntu-1604: C:/opscode/chefdk/embedded/lib/ruby/gems/2.1.0/gems/test-kitchen-1.11.1/lib/kitchen/instance.rb:347:in `transition_to'
E, [2017-06-22T10:59:44.342619 #5204] ERROR -- default-ubuntu-1604: C:/opscode/chefdk/embedded/lib/ruby/gems/2.1.0/gems/test-kitchen-1.11.1/lib/kitchen/instance.rb:138:in `converge'
E, [2017-06-22T10:59:44.342619 #5204] ERROR -- default-ubuntu-1604: C:/opscode/chefdk/embedded/lib/ruby/gems/2.1.0/gems/test-kitchen-1.11.1/lib/kitchen/command.rb:201:in `public_send'
E, [2017-06-22T10:59:44.342619 #5204] ERROR -- default-ubuntu-1604: C:/opscode/chefdk/embedded/lib/ruby/gems/2.1.0/gems/test-kitchen-1.11.1/lib/kitchen/command.rb:201:in `run_action_in_thread'
E, [2017-06-22T10:59:44.342619 #5204] ERROR -- default-ubuntu-1604: C:/opscode/chefdk/embedded/lib/ruby/gems/2.1.0/gems/test-kitchen-1.11.1/lib/kitchen/command.rb:173:in `block (2 levels) in run_action'
E, [2017-06-22T10:59:44.342619 #5204] ERROR -- default-ubuntu-1604: ----End Backtrace-----
